[35m[Appium][39m Welcome to Appium v1.22.3
[35m[Appium][39m Non-default server args:
[35m[Appium][39m   port: 55812
[35m[Appium][39m   tmpDir: C:\Users\VENKAT~1.SUR\AppData\Local\Temp\\Katalon\Appium\Temp1692792464395
[35m[Appium][39m   chromedriverPort: 55814
[35m[Appium][39m Deprecated server args:
[35m[Appium][39m   [31m--chromedriver-port[39m => --default-capabilities
[35m[Appium][39m Default capabilities, which will be added to each request unless overridden by desired capabilities:
[35m[Appium][39m   chromedriverPort: 55814
[35m[Appium][39m Appium REST http interface listener started on 0.0.0.0:55812
[35m[HTTP][39m [37m-->[39m [37mGET[39m [37m/wd/hub/status[39m
[35m[HTTP][39m [90m{}[39m
[debug] [35m[GENERIC][39m Calling AppiumDriver.getStatus() with args: []
[debug] [35m[GENERIC][39m Responding to client with driver.getStatus() result: {"build":{"version":"1.22.3"}}
[35m[HTTP][39m [37m<-- GET /wd/hub/status [39m[32m200[39m [90m7 ms - 68[39m
[35m[HTTP][39m [90m[39m
[35m[HTTP][39m [37m-->[39m [37mGET[39m [37m/wd/hub/status[39m
[35m[HTTP][39m [90m{}[39m
[debug] [35m[GENERIC][39m Calling AppiumDriver.getStatus() with args: []
[debug] [35m[GENERIC][39m Responding to client with driver.getStatus() result: {"build":{"version":"1.22.3"}}
[35m[HTTP][39m [37m<-- GET /wd/hub/status [39m[32m200[39m [90m1 ms - 68[39m
[35m[HTTP][39m [90m[39m
[35m[HTTP][39m [37m-->[39m [37mPOST[39m [37m/wd/hub/session[39m
[35m[HTTP][39m [90m{"desiredCapabilities":{"appActivity":".Settings","appPackage":"com.android.settings","newCommandTimeout":1800,"platformVersion":"13","automationName":"uiautomator2","autoGrantPermissions":true,"platformName":"Android","udid":"R5CRB28V0YK","deviceName":"samsung SM-G998B (Android 13)","platform":"ANDROID","systemPort":8206},"capabilities":{"firstMatch":[{"appium:appActivity":".Settings","appium:appPackage":"com.android.settings","appium:autoGrantPermissions":true,"appium:automationName":"uiautomator2","appium:deviceName":"samsung SM-G998B (Android 13)","appium:newCommandTimeout":1800,"platform":"ANDROID","platformName":"android","appium:platformVersion":"13","appium:systemPort":8206,"appium:udid":"R5CRB28V0YK"}]}}[39m
[debug] [35m[W3C][39m Calling AppiumDriver.createSession() with args: [{"appActivity":".Settings","appPackage":"com.android.settings","newCommandTimeout":1800,"platformVersion":"13","automationName":"uiautomator2","autoGrantPermissions":true,"platformName":"Android","udid":"R5CRB28V0YK","deviceName":"samsung SM-G998B (Android 13)","platform":"ANDROID","systemPort":8206},null,{"firstMatch":[{"appium:appActivity":".Settings","appium:appPackage":"com.android.settings","appium:autoGrantPermissions":true,"appium:automationName":"uiautomator2","appium:deviceName":"samsung SM-G998B (Android 13)","appium:newCommandTimeout":1800,"platform":"ANDROID","platformName":"android","appium:platformVersion":"13","appium:systemPort":8206,"appium:udid":"R5CRB28V0YK"}]}]
[debug] [35m[BaseDriver][39m Event 'newSessionRequested' logged at 1692792470657 (13:07:50 GMT+0100 (British Summer Time))
[35m[BaseDriver][39m The following capabilities are not standard capabilities and should have an extension prefix:
[35m[BaseDriver][39m   platform
[35m[BaseDriver][39m   chromedriverPort
[35m[Appium][39m Appium v1.22.3 creating new AndroidUiautomator2Driver (v1.70.1) session
[debug] [35m[BaseDriver][39m W3C capabilities and MJSONWP desired capabilities were provided
[debug] [35m[BaseDriver][39m Creating session with W3C capabilities: {
[debug] [35m[BaseDriver][39m   "alwaysMatch": {
[debug] [35m[BaseDriver][39m     "appium:platform": "ANDROID",
[debug] [35m[BaseDriver][39m     "platformName": "android",
[debug] [35m[BaseDriver][39m     "appium:chromedriverPort": 55814,
[debug] [35m[BaseDriver][39m     "appium:appActivity": ".Settings",
[debug] [35m[BaseDriver][39m     "appium:appPackage": "com.android.settings",
[debug] [35m[BaseDriver][39m     "appium:autoGrantPermissions": true,
[debug] [35m[BaseDriver][39m     "appium:automationName": "uiautomator2",
[debug] [35m[BaseDriver][39m     "appium:deviceName": "samsung SM-G998B (Android 13)",
[debug] [35m[BaseDriver][39m     "appium:newCommandTimeout": 1800,
[debug] [35m[BaseDriver][39m     "appium:platformVersion": "13",
[debug] [35m[BaseDriver][39m     "appium:systemPort": 8206,
[debug] [35m[BaseDriver][39m     "appium:udid": "R5CRB28V0YK"
[debug] [35m[BaseDriver][39m   },
[debug] [35m[BaseDriver][39m   "firstMatch": [
[debug] [35m[BaseDriver][39m     {}
[debug] [35m[BaseDriver][39m   ]
[debug] [35m[BaseDriver][39m }
[35m[BaseDriver][39m The following capabilities were provided, but are not recognized by Appium:
[35m[BaseDriver][39m   platform
[35m[BaseDriver][39m Session created with session id: 385c0c54-793f-408d-a232-4e82e440b1b4
[35m[UiAutomator2][39m Starting 'com.android.settings' directly on the device
[35m[ADB][39m Found 1 'build-tools' folders under 'C:\Users\venkata.suru\.katalon\tools\android_sdk' (newest first):
[35m[ADB][39m     C:/Users/venkata.suru/.katalon/tools/android_sdk/build-tools/29.0.3
[35m[ADB][39m Using 'adb.exe' from 'C:\Users\venkata.suru\.katalon\tools\android_sdk\platform-tools\adb.exe'
[debug] [35m[ADB][39m Running 'C:\Users\venkata.suru\.katalon\tools\android_sdk\platform-tools\adb.exe -P 5037 start-server'
[35m[AndroidDriver][39m Retrieving device list
[debug] [35m[ADB][39m Trying to find a connected android device
[debug] [35m[ADB][39m Getting connected devices
[debug] [35m[ADB][39m Connected devices: [{"udid":"R5CRB28V0YK","state":"device"}]
[35m[AndroidDriver][39m Using device: R5CRB28V0YK
[35m[ADB][39m Using 'adb.exe' from 'C:\Users\venkata.suru\.katalon\tools\android_sdk\platform-tools\adb.exe'
[debug] [35m[ADB][39m Running 'C:\Users\venkata.suru\.katalon\tools\android_sdk\platform-tools\adb.exe -P 5037 start-server'
[debug] [35m[ADB][39m Setting device id to R5CRB28V0YK
[debug] [35m[ADB][39m Running 'C:\Users\venkata.suru\.katalon\tools\android_sdk\platform-tools\adb.exe -P 5037 -s R5CRB28V0YK shell getprop ro.build.version.sdk'
[debug] [35m[ADB][39m Current device property 'ro.build.version.sdk': 33
[35m[ADB][39m Getting device platform version
[debug] [35m[ADB][39m Running 'C:\Users\venkata.suru\.katalon\tools\android_sdk\platform-tools\adb.exe -P 5037 -s R5CRB28V0YK shell getprop ro.build.version.release'
[debug] [35m[ADB][39m Current device property 'ro.build.version.release': 13
[debug] [35m[ADB][39m Device API level: 33
[35m[UiAutomator2][39m Relaxing hidden api policy
[debug] [35m[ADB][39m Running 'C:\Users\venkata.suru\.katalon\tools\android_sdk\platform-tools\adb.exe -P 5037 -s R5CRB28V0YK shell 'settings put global hidden_api_policy_pre_p_apps 1;settings put global hidden_api_policy_p_apps 1;settings put global hidden_api_policy 1''
[35m[AndroidDriver][39m No app sent in, not parsing package/activity
[debug] [35m[ADB][39m Running 'C:\Users\venkata.suru\.katalon\tools\android_sdk\platform-tools\adb.exe -P 5037 -s R5CRB28V0YK wait-for-device'
[debug] [35m[ADB][39m Running 'C:\Users\venkata.suru\.katalon\tools\android_sdk\platform-tools\adb.exe -P 5037 -s R5CRB28V0YK shell echo ping'
[debug] [35m[AndroidDriver][39m Pushing settings apk to device...
[debug] [35m[ADB][39m Getting install status for io.appium.settings
[debug] [35m[ADB][39m Running 'C:\Users\venkata.suru\.katalon\tools\android_sdk\platform-tools\adb.exe -P 5037 -s R5CRB28V0YK shell dumpsys package io.appium.settings'
[debug] [35m[ADB][39m 'io.appium.settings' is installed
[debug] [35m[ADB][39m Getting package info for 'io.appium.settings'
[debug] [35m[ADB][39m Running 'C:\Users\venkata.suru\.katalon\tools\android_sdk\platform-tools\adb.exe -P 5037 -s R5CRB28V0YK shell dumpsys package io.appium.settings'
[debug] [35m[ADB][39m The version name of the installed 'io.appium.settings' is greater or equal to the application version name ('3.4.0' >= '3.4.0')
[debug] [35m[ADB][39m There is no need to install/upgrade 'C:\Users\venkata.suru\AppData\Roaming\npm\node_modules\appium\node_modules\io.appium.settings\apks\settings_apk-debug.apk'
[debug] [35m[ADB][39m Getting IDs of all 'io.appium.settings' processes
[debug] [35m[ADB][39m Running 'C:\Users\venkata.suru\.katalon\tools\android_sdk\platform-tools\adb.exe -P 5037 -s R5CRB28V0YK shell 'pgrep --help; echo $?''
[debug] [35m[ADB][39m Running 'C:\Users\venkata.suru\.katalon\tools\android_sdk\platform-tools\adb.exe -P 5037 -s R5CRB28V0YK shell pgrep -f \(\[\[:blank:\]\]\|\^\)io\.appium\.settings\(\[\[:blank:\]\]\|\$\)'
[debug] [35m[AndroidDriver][39m io.appium.settings is already running. There is no need to reset its permissions.
[debug] [35m[ADB][39m Running 'C:\Users\venkata.suru\.katalon\tools\android_sdk\platform-tools\adb.exe -P 5037 -s R5CRB28V0YK shell appops set io.appium.settings android:mock_location allow'
[debug] [35m[Logcat][39m Starting logs capture with command: C:\\Users\\venkata.suru\\.katalon\\tools\\android_sdk\\platform-tools\\adb.exe -P 5037 -s R5CRB28V0YK logcat -v threadtime
[debug] [35m[UiAutomator2][39m Forwarding UiAutomator2 Server port 6790 to local port 8206
[debug] [35m[ADB][39m Forwarding system: 8206 to device: 6790
[debug] [35m[ADB][39m Running 'C:\Users\venkata.suru\.katalon\tools\android_sdk\platform-tools\adb.exe -P 5037 -s R5CRB28V0YK forward tcp:8206 tcp:6790'
[debug] [35m[ADB][39m Getting install status for io.appium.uiautomator2.server
[debug] [35m[ADB][39m Running 'C:\Users\venkata.suru\.katalon\tools\android_sdk\platform-tools\adb.exe -P 5037 -s R5CRB28V0YK shell dumpsys package io.appium.uiautomator2.server'
[debug] [35m[ADB][39m 'io.appium.uiautomator2.server' is installed
[debug] [35m[ADB][39m Getting package info for 'io.appium.uiautomator2.server'
[debug] [35m[ADB][39m Running 'C:\Users\venkata.suru\.katalon\tools\android_sdk\platform-tools\adb.exe -P 5037 -s R5CRB28V0YK shell dumpsys package io.appium.uiautomator2.server'
[debug] [35m[ADB][39m The version name of the installed 'io.appium.uiautomator2.server' is greater or equal to the application version name ('4.27.0' >= '4.27.0')
[debug] [35m[UiAutomator2][39m io.appium.uiautomator2.server installation state: sameVersionInstalled
[debug] [35m[ADB][39m Checking app cert for C:\Users\venkata.suru\AppData\Roaming\npm\node_modules\appium\node_modules\appium-uiautomator2-server\apks\appium-uiautomator2-server-v4.27.0.apk
[35m[ADB][39m Using 'apksigner.jar' from 'C:\Users\venkata.suru\.katalon\tools\android_sdk\build-tools\29.0.3\lib\apksigner.jar'
[debug] [35m[ADB][39m Starting apksigner: C:\\Users\\venkata.suru\\Downloads\\Katalon_Studio_Windows_64-8.6.5\\Katalon_Studio_Windows_64-8.6.5\\jre\\bin\\java.exe -Xmx1024M -Xss1m -jar C:\\Users\\venkata.suru\\.katalon\\tools\\android_sdk\\build-tools\\29.0.3\\lib\\apksigner.jar verify --print-certs C:\\Users\\venkata.suru\\AppData\\Roaming\\npm\\node_modules\\appium\\node_modules\\appium-uiautomator2-server\\apks\\appium-uiautomator2-server-v4.27.0.apk
[debug] [35m[ADB][39m apksigner stdout: Signer #1 certificate DN: EMAILADDRESS=android@android.com, CN=Android, OU=Android, O=Android, L=Mountain View, ST=California, C=US
[debug] [35m[ADB][39m Signer #1 certificate SHA-256 digest: a40da80a59d170caa950cf15c18c454d47a39b26989d8b640ecd745ba71bf5dc
[debug] [35m[ADB][39m Signer #1 certificate SHA-1 digest: 61ed377e85d386a8dfee6b864bd85b0bfaa5af81
[debug] [35m[ADB][39m Signer #1 certificate MD5 digest: e89b158e4bcf988ebd09eb83f5378e87
[debug] [35m[ADB][39m 
[debug] [35m[ADB][39m sha256 hash did match for 'appium-uiautomator2-server-v4.27.0.apk'
[35m[ADB][39m 'C:\Users\venkata.suru\AppData\Roaming\npm\node_modules\appium\node_modules\appium-uiautomator2-server\apks\appium-uiautomator2-server-v4.27.0.apk' is signed with the default certificate
[debug] [35m[ADB][39m Getting install status for io.appium.uiautomator2.server.test
[debug] [35m[ADB][39m Running 'C:\Users\venkata.suru\.katalon\tools\android_sdk\platform-tools\adb.exe -P 5037 -s R5CRB28V0YK shell dumpsys package io.appium.uiautomator2.server.test'
[debug] [35m[ADB][39m 'io.appium.uiautomator2.server.test' is installed
[debug] [35m[ADB][39m Checking app cert for C:\Users\venkata.suru\AppData\Roaming\npm\node_modules\appium\node_modules\appium-uiautomator2-server\apks\appium-uiautomator2-server-debug-androidTest.apk
[debug] [35m[ADB][39m Starting apksigner: C:\\Users\\venkata.suru\\Downloads\\Katalon_Studio_Windows_64-8.6.5\\Katalon_Studio_Windows_64-8.6.5\\jre\\bin\\java.exe -Xmx1024M -Xss1m -jar C:\\Users\\venkata.suru\\.katalon\\tools\\android_sdk\\build-tools\\29.0.3\\lib\\apksigner.jar verify --print-certs C:\\Users\\venkata.suru\\AppData\\Roaming\\npm\\node_modules\\appium\\node_modules\\appium-uiautomator2-server\\apks\\appium-uiautomator2-server-debug-androidTest.apk
[debug] [35m[ADB][39m apksigner stdout: Signer #1 certificate DN: EMAILADDRESS=android@android.com, CN=Android, OU=Android, O=Android, L=Mountain View, ST=California, C=US
[debug] [35m[ADB][39m Signer #1 certificate SHA-256 digest: a40da80a59d170caa950cf15c18c454d47a39b26989d8b640ecd745ba71bf5dc
[debug] [35m[ADB][39m Signer #1 certificate SHA-1 digest: 61ed377e85d386a8dfee6b864bd85b0bfaa5af81
[debug] [35m[ADB][39m Signer #1 certificate MD5 digest: e89b158e4bcf988ebd09eb83f5378e87
[debug] [35m[ADB][39m 
[debug] [35m[ADB][39m sha256 hash did match for 'appium-uiautomator2-server-debug-androidTest.apk'
[35m[ADB][39m 'C:\Users\venkata.suru\AppData\Roaming\npm\node_modules\appium\node_modules\appium-uiautomator2-server\apks\appium-uiautomator2-server-debug-androidTest.apk' is signed with the default certificate
[35m[UiAutomator2][39m Server packages are not going to be (re)installed
[debug] [35m[UiAutomator2][39m Waiting up to 30000ms for services to be available
[debug] [35m[ADB][39m Running 'C:\Users\venkata.suru\.katalon\tools\android_sdk\platform-tools\adb.exe -P 5037 -s R5CRB28V0YK shell pm list instrumentation'
[debug] [35m[UiAutomator2][39m Instrumentation target 'io.appium.uiautomator2.server.test/androidx.test.runner.AndroidJUnitRunner' is available
[35m[ADB][39m Adding packages ["io.appium.settings","io.appium.uiautomator2.server","io.appium.uiautomator2.server.test"] to Doze whitelist
[debug] [35m[ADB][39m Got the following command chunks to execute: [["dumpsys","deviceidle","whitelist","+io.appium.settings",";","dumpsys","deviceidle","whitelist","+io.appium.uiautomator2.server",";","dumpsys","deviceidle","whitelist","+io.appium.uiautomator2.server.test",";"]]
[debug] [35m[ADB][39m Running 'C:\Users\venkata.suru\.katalon\tools\android_sdk\platform-tools\adb.exe -P 5037 -s R5CRB28V0YK shell dumpsys deviceidle whitelist +io.appium.settings ; dumpsys deviceidle whitelist +io.appium.uiautomator2.server ; dumpsys deviceidle whitelist +io.appium.uiautomator2.server.test ;'
[debug] [35m[UiAutomator2][39m No app capability. Assuming it is already on the device
[debug] [35m[ADB][39m Getting install status for com.android.settings
[debug] [35m[ADB][39m Running 'C:\Users\venkata.suru\.katalon\tools\android_sdk\platform-tools\adb.exe -P 5037 -s R5CRB28V0YK shell dumpsys package com.android.settings'
[debug] [35m[ADB][39m 'com.android.settings' is installed
[debug] [35m[ADB][39m Running 'C:\Users\venkata.suru\.katalon\tools\android_sdk\platform-tools\adb.exe -P 5037 -s R5CRB28V0YK shell am force-stop com.android.settings'
[debug] [35m[ADB][39m Running 'C:\Users\venkata.suru\.katalon\tools\android_sdk\platform-tools\adb.exe -P 5037 -s R5CRB28V0YK shell pm clear com.android.settings'
[debug] [35m[ADB][39m Running 'C:\Users\venkata.suru\.katalon\tools\android_sdk\platform-tools\adb.exe -P 5037 -s R5CRB28V0YK shell dumpsys package com.android.settings'
[debug] [35m[ADB][39m Retrieving requested permissions
[debug] [35m[ADB][39m Retrieved 437 permissions from requested group
[debug] [35m[ADB][39m Retrieving granted permissions
[debug] [35m[ADB][39m Retrieved 359 permissions from install,runtime groups
[debug] [35m[ADB][39m Granting permissions ["android.permission.WRITE_EXTERNAL_STORAGE","android.permission.READ_EXTERNAL_STORAGE"] to 'com.android.settings'
[debug] [35m[ADB][39m Got the following command chunks to execute: [["pm","grant","com.android.settings","android.permission.WRITE_EXTERNAL_STORAGE",";","pm","grant","com.android.settings","android.permission.READ_EXTERNAL_STORAGE",";"]]
[debug] [35m[ADB][39m Running 'C:\Users\venkata.suru\.katalon\tools\android_sdk\platform-tools\adb.exe -P 5037 -s R5CRB28V0YK shell pm grant com.android.settings android.permission.WRITE_EXTERNAL_STORAGE ; pm grant com.android.settings android.permission.READ_EXTERNAL_STORAGE ;'
[debug] [35m[AndroidDriver][39m Performed fast reset on the installed 'com.android.settings' application (stop and clear)
[debug] [35m[UiAutomator2][39m Performing shallow cleanup of automation leftovers
[debug] [35m[UiAutomator2][39m No obsolete sessions have been detected (socket hang up)
[debug] [35m[ADB][39m Running 'C:\Users\venkata.suru\.katalon\tools\android_sdk\platform-tools\adb.exe -P 5037 -s R5CRB28V0YK shell am force-stop io.appium.uiautomator2.server.test'
[35m[UiAutomator2][39m Starting UIAutomator2 server 4.27.0
[35m[UiAutomator2][39m Using UIAutomator2 server from 'C:\Users\venkata.suru\AppData\Roaming\npm\node_modules\appium\node_modules\appium-uiautomator2-server\apks\appium-uiautomator2-server-v4.27.0.apk' and test from 'C:\Users\venkata.suru\AppData\Roaming\npm\node_modules\appium\node_modules\appium-uiautomator2-server\apks\appium-uiautomator2-server-debug-androidTest.apk'
[35m[UiAutomator2][39m Waiting up to 30000ms for UiAutomator2 to be online...
[debug] [35m[ADB][39m Creating ADB subprocess with args: ["-P",5037,"-s","R5CRB28V0YK","shell","am","instrument","-w","-e","disableAnalytics",true,"io.appium.uiautomator2.server.test/androidx.test.runner.AndroidJUnitRunner"]
[debug] [35m[WD Proxy][39m Matched '/status' to command name 'getStatus'
[debug] [35m[WD Proxy][39m Proxying [GET /status] to [GET http://127.0.0.1:8206/wd/hub/status] with no body
[35m[WD Proxy][39m socket hang up
[debug] [35m[Instrumentation][39m io.appium.uiautomator2.server.test.AppiumUiAutomator2Server:
[debug] [35m[WD Proxy][39m Matched '/status' to command name 'getStatus'
[debug] [35m[WD Proxy][39m Proxying [GET /status] to [GET http://127.0.0.1:8206/wd/hub/status] with no body
[35m[WD Proxy][39m socket hang up
[debug] [35m[WD Proxy][39m Matched '/status' to command name 'getStatus'
[debug] [35m[WD Proxy][39m Proxying [GET /status] to [GET http://127.0.0.1:8206/wd/hub/status] with no body
[debug] [35m[WD Proxy][39m Got response with status 200: {"sessionId":"None","value":{"message":"UiAutomator2 Server is ready to accept commands","ready":true}}
[debug] [35m[UiAutomator2][39m The initialization of the instrumentation process took 2402ms
[debug] [35m[WD Proxy][39m Matched '/session' to command name 'createSession'
[debug] [35m[WD Proxy][39m Proxying [POST /session] to [POST http://127.0.0.1:8206/wd/hub/session] with body: {"capabilities":{"firstMatch":[{"platform":"ANDROID","webStorageEnabled":false,"takesScreenshot":true,"javascriptEnabled":true,"databaseEnabled":false,"networkConnectionEnabled":true,"locationContextEnabled":false,"warnings":{},"desired":{"platformName":"android","platform":"ANDROID","chromedriverPort":55814,"appActivity":".Settings","appPackage":"com.android.settings","autoGrantPermissions":true,"automationName":"uiautomator2","deviceName":"samsung SM-G998B (Android 13)","newCommandTimeout":1800,"platformVersion":"13","systemPort":8206,"udid":"R5CRB28V0YK"},"platformName":"android","chromedriverPort":55814,"appActivity":".Settings","appPackage":"com.android.settings","autoGrantPermissions":true,"automationName":"uiautomator2","deviceName":"R5CRB28V0YK","newCommandTimeout":1800,"platformVersion":"13","systemPort":8206,"udid":"R5CRB28V0YK","deviceUDID":"R5CRB28V0YK"}],"alwaysMatch":{}}}
[debug] [35m[WD Proxy][39m Got response with status 200: {"sessionId":"70202bce-b1e1-4c73-8dab-3f0c62845602","value":{"capabilities":{"firstMatch":[{"platform":"ANDROID","webStorageEnabled":false,"takesScreenshot":true,"javascriptEnabled":true,"databaseEnabled":false,"networkConnectionEnabled":true,"locationContextEnabled":false,"warnings":{},"desired":{"platformName":"android","platform":"ANDROID","chromedriverPort":55814,"appActivity":".Settings","appPackage":"com.android.settings","autoGrantPermissions":true,"automationName":"uiautomator2","deviceName":"samsung SM-G998B (Android 13)","newCommandTimeout":1800,"platformVersion":"13","systemPort":8206,"udid":"R5CRB28V0YK"},"platformName":"android","chromedriverPort":55814,"appActivity":".Settings","appPackage":"com.android.settings","autoGrantPermissions":true,"automationName":"uiautomator2","deviceName":"R5CRB28V0YK","newCommandTimeout":1800,"platformVersion":"13","systemPort":8206,"udid":"R5CRB28V0YK","deviceUDID":"R5CRB28V0YK"}],"alwaysMatch":{}},"sessionId":"70202bce-b1e1-4c73-8dab-3f0c62845602"}}
[35m[WD Proxy][39m Determined the downstream protocol as 'W3C'
[debug] [35m[WD Proxy][39m Proxying [GET /appium/device/info] to [GET http://127.0.0.1:8206/wd/hub/session/70202bce-b1e1-4c73-8dab-3f0c62845602/appium/device/info] with no body
[debug] [35m[WD Proxy][39m Got response with status 200: {"sessionId":"70202bce-b1e1-4c73-8dab-3f0c62845602","value":{"androidId":"cfeadc874c9344a3","apiVersion":"33","bluetooth":{"state":"ON"},"brand":"samsung","carrierName":"","displayDensity":420,"locale":"en_GB","manufacturer":"samsung","model":"SM-G998B","networks":[{"capabilities":{"SSID":null,"linkDownBandwidthKbps":43213,"linkUpstreamBandwidthKbps":19462,"networkCapabilities":"NET_CAPABILITY_NOT_METERED,NET_CAPABILITY_INTERNET,NET_CAPABILITY_NOT_RESTRICTED,NET_CAPABILITY_TRUSTED,NET_CAPABILITY_NOT_VPN,NET_CAPABILITY_VALIDATED,NET_CAPABILITY_NOT_ROAMING,NET_CAPABILITY_FOREGROUND,NET_CAPABILITY_NOT_CONGESTED,NET_CAPABILITY_NOT_SUSPENDED","signalStrength":-55,"transportTypes":"TRANSPORT_WIFI"},"detailedState":"CONNECTED","extraInfo":"","isAvailable":true,"isConnected":true,"isFailover":false,"isRoaming":false,"state":"CONNECTED","subtype":-1,"subtypeName":"","type":1,"typeName":"WIFI"}],"platformVersion":"13","realDisplaySize":"1080x2400","timeZone":"Europe/London"}}
[debug] [35m[ADB][39m Running 'C:\Users\venkata.suru\.katalon\tools\android_sdk\platform-tools\adb.exe -P 5037 -s R5CRB28V0YK shell dumpsys window'
[35m[AndroidDriver][39m Screen already unlocked, doing nothing
[35m[UiAutomator2][39m Starting 'com.android.settings/.Settings and waiting for 'com.android.settings/.Settings'
[debug] [35m[ADB][39m Running 'C:\Users\venkata.suru\.katalon\tools\android_sdk\platform-tools\adb.exe -P 5037 -s R5CRB28V0YK shell am start -W -n com.android.settings/.Settings -S -a android.intent.action.MAIN -c android.intent.category.LAUNCHER -f 0x10200000'
[debug] [35m[WD Proxy][39m Proxying [GET /appium/device/pixel_ratio] to [GET http://127.0.0.1:8206/wd/hub/session/70202bce-b1e1-4c73-8dab-3f0c62845602/appium/device/pixel_ratio] with no body
[debug] [35m[WD Proxy][39m Got response with status 200: {"sessionId":"70202bce-b1e1-4c73-8dab-3f0c62845602","value":2.625}
[debug] [35m[WD Proxy][39m Matched '/appium/device/system_bars' to command name 'getSystemBars'
[debug] [35m[WD Proxy][39m Proxying [GET /appium/device/system_bars] to [GET http://127.0.0.1:8206/wd/hub/session/70202bce-b1e1-4c73-8dab-3f0c62845602/appium/device/system_bars] with no body
[debug] [35m[WD Proxy][39m Got response with status 200: {"sessionId":"70202bce-b1e1-4c73-8dab-3f0c62845602","value":{"statusBar":72}}
[debug] [35m[WD Proxy][39m Matched '/window/current/size' to command name 'getWindowSize'
[debug] [35m[WD Proxy][39m Proxying [GET /window/current/size] to [GET http://127.0.0.1:8206/wd/hub/session/70202bce-b1e1-4c73-8dab-3f0c62845602/window/current/size] with no body
[debug] [35m[WD Proxy][39m Got response with status 200: {"sessionId":"70202bce-b1e1-4c73-8dab-3f0c62845602","value":{"height":2286,"width":1080}}
[35m[Appium][39m New AndroidUiautomator2Driver session created successfully, session 385c0c54-793f-408d-a232-4e82e440b1b4 added to master session list
[debug] [35m[BaseDriver][39m Event 'newSessionStarted' logged at 1692792489564 (13:08:09 GMT+0100 (British Summer Time))
[debug] [35m[W3C (385c0c54)][39m Cached the protocol value 'W3C' for the new session 385c0c54-793f-408d-a232-4e82e440b1b4
[debug] [35m[W3C (385c0c54)][39m Responding to client with driver.createSession() result: {"capabilities":{"platform":"ANDROID","webStorageEnabled":false,"takesScreenshot":true,"javascriptEnabled":true,"databaseEnabled":false,"networkConnectionEnabled":true,"locationContextEnabled":false,"warnings":{},"desired":{"platformName":"android","platform":"ANDROID","chromedriverPort":55814,"appActivity":".Settings","appPackage":"com.android.settings","autoGrantPermissions":true,"automationName":"uiautomator2","deviceName":"samsung SM-G998B (Android 13)","newCommandTimeout":1800,"platformVersion":"13","systemPort":8206,"udid":"R5CRB28V0YK"},"platformName":"android","chromedriverPort":55814,"appActivity":".Settings","appPackage":"com.android.settings","autoGrantPermissions":true,"automationName":"uiautomator2","deviceName":"R5CRB28V0YK","newCommandTimeout":1800,"platformVersion":"13","systemPort":8206,"udid":"R5CRB28V0YK","deviceUDID":"R5CRB28V0YK","deviceApiLevel":33,"deviceScreenSize":"1080x2400","deviceScreenDensity":420,"deviceModel":"SM-G998B","deviceManufacturer":"samsung","pixelRatio":2.625,"statB...
[35m[HTTP][39m [37m<-- POST /wd/hub/session [39m[32m200[39m [90m18909 ms - 1158[39m
[35m[HTTP][39m [90m[39m
[35m[HTTP][39m [37m-->[39m [37mGET[39m [37m/wd/hub/session/385c0c54-793f-408d-a232-4e82e440b1b4[39m
[35m[HTTP][39m [90m{}[39m
[debug] [35m[W3C (385c0c54)][39m Calling AppiumDriver.getSession() with args: ["385c0c54-793f-408d-a232-4e82e440b1b4"]
[debug] [35m[UiAutomator2][39m Getting session details from server to mix in
[debug] [35m[WD Proxy][39m Matched '/' to command name 'getSession'
[debug] [35m[WD Proxy][39m Proxying [GET /] to [GET http://127.0.0.1:8206/wd/hub/session/70202bce-b1e1-4c73-8dab-3f0c62845602] with no body
[debug] [35m[WD Proxy][39m Got response with status 200: {"sessionId":"70202bce-b1e1-4c73-8dab-3f0c62845602","value":{"lastScrollData":null}}
[debug] [35m[W3C (385c0c54)][39m Responding to client with driver.getSession() result: {"platform":"ANDROID","webStorageEnabled":false,"takesScreenshot":true,"javascriptEnabled":true,"databaseEnabled":false,"networkConnectionEnabled":true,"locationContextEnabled":false,"warnings":{},"desired":{"platformName":"android","platform":"ANDROID","chromedriverPort":55814,"appActivity":".Settings","appPackage":"com.android.settings","autoGrantPermissions":true,"automationName":"uiautomator2","deviceName":"samsung SM-G998B (Android 13)","newCommandTimeout":1800,"platformVersion":"13","systemPort":8206,"udid":"R5CRB28V0YK"},"platformName":"android","chromedriverPort":55814,"appActivity":".Settings","appPackage":"com.android.settings","autoGrantPermissions":true,"automationName":"uiautomator2","deviceName":"R5CRB28V0YK","newCommandTimeout":1800,"platformVersion":"13","systemPort":8206,"udid":"R5CRB28V0YK","deviceUDID":"R5CRB28V0YK","deviceApiLevel":33,"deviceScreenSize":"1080x2400","deviceScreenDensity":420,"deviceModel":"SM-G998B","deviceManufacturer":"samsung","pixelRatio":2.625,"statBarHeight":72,"vi...
[35m[HTTP][39m [37m<-- GET /wd/hub/session/385c0c54-793f-408d-a232-4e82e440b1b4 [39m[32m200[39m [90m14 ms - 1112[39m
[35m[HTTP][39m [90m[39m
[35m[HTTP][39m [37m-->[39m [37mGET[39m [37m/wd/hub/session/385c0c54-793f-408d-a232-4e82e440b1b4[39m
[35m[HTTP][39m [90m{}[39m
[debug] [35m[W3C (385c0c54)][39m Calling AppiumDriver.getSession() with args: ["385c0c54-793f-408d-a232-4e82e440b1b4"]
[debug] [35m[UiAutomator2][39m Getting session details from server to mix in
[debug] [35m[WD Proxy][39m Matched '/' to command name 'getSession'
[debug] [35m[WD Proxy][39m Proxying [GET /] to [GET http://127.0.0.1:8206/wd/hub/session/70202bce-b1e1-4c73-8dab-3f0c62845602] with no body
[debug] [35m[WD Proxy][39m Got response with status 200: {"sessionId":"70202bce-b1e1-4c73-8dab-3f0c62845602","value":{"lastScrollData":null}}
[debug] [35m[W3C (385c0c54)][39m Responding to client with driver.getSession() result: {"platform":"ANDROID","webStorageEnabled":false,"takesScreenshot":true,"javascriptEnabled":true,"databaseEnabled":false,"networkConnectionEnabled":true,"locationContextEnabled":false,"warnings":{},"desired":{"platformName":"android","platform":"ANDROID","chromedriverPort":55814,"appActivity":".Settings","appPackage":"com.android.settings","autoGrantPermissions":true,"automationName":"uiautomator2","deviceName":"samsung SM-G998B (Android 13)","newCommandTimeout":1800,"platformVersion":"13","systemPort":8206,"udid":"R5CRB28V0YK"},"platformName":"android","chromedriverPort":55814,"appActivity":".Settings","appPackage":"com.android.settings","autoGrantPermissions":true,"automationName":"uiautomator2","deviceName":"R5CRB28V0YK","newCommandTimeout":1800,"platformVersion":"13","systemPort":8206,"udid":"R5CRB28V0YK","deviceUDID":"R5CRB28V0YK","deviceApiLevel":33,"deviceScreenSize":"1080x2400","deviceScreenDensity":420,"deviceModel":"SM-G998B","deviceManufacturer":"samsung","pixelRatio":2.625,"statBarHeight":72,"vi...
[35m[HTTP][39m [37m<-- GET /wd/hub/session/385c0c54-793f-408d-a232-4e82e440b1b4 [39m[32m200[39m [90m12 ms - 1112[39m
[35m[HTTP][39m [90m[39m
[35m[HTTP][39m [37m-->[39m [37mGET[39m [37m/wd/hub/status[39m
[35m[HTTP][39m [90m{}[39m
[debug] [35m[GENERIC][39m Calling AppiumDriver.getStatus() with args: []
[debug] [35m[GENERIC][39m Responding to client with driver.getStatus() result: {"build":{"version":"1.22.3"}}
[35m[HTTP][39m [37m<-- GET /wd/hub/status [39m[32m200[39m [90m1 ms - 68[39m
[35m[HTTP][39m [90m[39m
[35m[HTTP][39m [37m-->[39m [37mPOST[39m [37m/wd/hub/session/385c0c54-793f-408d-a232-4e82e440b1b4/timeouts[39m
[35m[HTTP][39m [90m{"implicit":60000}[39m
[debug] [35m[W3C (385c0c54)][39m Calling AppiumDriver.timeouts() with args: [null,null,null,null,60000,"385c0c54-793f-408d-a232-4e82e440b1b4"]
[debug] [35m[BaseDriver][39m W3C timeout argument: {"implicit":60000}}
[debug] [35m[BaseDriver][39m Set implicit wait to 60000ms
[debug] [35m[W3C (385c0c54)][39m Responding to client with driver.timeouts() result: null
[35m[HTTP][39m [37m<-- POST /wd/hub/session/385c0c54-793f-408d-a232-4e82e440b1b4/timeouts [39m[32m200[39m [90m4 ms - 14[39m
[35m[HTTP][39m [90m[39m
[35m[HTTP][39m [37m-->[39m [37mGET[39m [37m/wd/hub/session/385c0c54-793f-408d-a232-4e82e440b1b4/screenshot[39m
[35m[HTTP][39m [90m{}[39m
[debug] [35m[W3C (385c0c54)][39m Calling AppiumDriver.getScreenshot() with args: ["385c0c54-793f-408d-a232-4e82e440b1b4"]
[debug] [35m[WD Proxy][39m Matched '/screenshot' to command name 'getScreenshot'
[debug] [35m[WD Proxy][39m Proxying [GET /screenshot] to [GET http://127.0.0.1:8206/wd/hub/session/70202bce-b1e1-4c73-8dab-3f0c62845602/screenshot] with no body
[debug] [35m[WD Proxy][39m Got response with status 200: {"sessionId":"70202bce-b1e1-4c73-8dab-3f0c62845602","value":"iVBORw0KGgoAAAANSUhEUgAABDgAAAlgCAYAAABtGofVAAABJGlDQ1BTa2lhAAAokX2Rv0vDQBiG\nH0sXpQ6ig4NDxi5KVeiiLlUIOkms0OqUpmkV2houKdXZ1T+im7OjCJ27CILgJP4N4uAa37RDAqW+\nx3f33Mt3P747yK0j5UvQ7UXGsStWrX5hkZHrhQHztQC/H0kP75v/5M3TYtMPPY3fisjocG3ZFK+1\np3ybcGPKDwmbqnMoHoqL7Qw3MjyIgkg8TvK9wCT8Kd7vdvpeem8Kfu/8TGNNsUGIg00FiyoGl56c\nFr7YYsA1EVeiI1FIQEcZd5qfsqve1qxLXzkzSt/z/gsORnEcv6TeyQieyrD0nHrFPVgpwPg1cI07\nsfKKXKsFP4+wXIfVN625nD0j/Ys5tVqTWm1u1NqqwpdzrFo9tkQ7lNim/AfUy02wCLYnZAAAAARz\nQklUCAgICHwIZIgAACAASURBVHic7N15fFTV4f//dxIIkISEBBJIWANoQWSHaEFlEVAkdfmoIAoC\ntlgs4Ket1G+Rj1LU1qXtp/iRVqzKUgUEQWWJIAJhEyEsZQsEKCQssiQQSMhkz8zvj/xyHxkyk4XM\nJBx4PR8PHyZzzz33hMyS875n8cnOznYIAAAAAADAYL613QAAAAAAAIDqIuAAAAAAAADGI+AAAAAA\nAADGI+AAAAAAAADGI+AAAAAAAADGI+AAAAAAAADGI+AAAAAAAADGI+AAAAAAAADGI+AAAAAAAADG\nI+AAAAAAAADGI+AAAAAAAADGI+AAAAAAAADGI+AAAAAAAADGI+AAAAAAAADGI+AAAAAAAADGI+AA\nAAAAAADGI+AAAAAAAADGI+AAAAAAAADGI+AAAAAAAADGI+AAAAAAAADGI+AAAAAAAADGI+AAAAAA\nAADGI+AAAAAAAADGI+AAAAAA...
[debug] [35m[W3C (385c0c54)][39m Responding to client with driver.getScreenshot() result: "iVBORw0KGgoAAAANSUhEUgAABDgAAAlgCAYAAABtGofVAAABJGlDQ1BTa2lhAAAokX2Rv0vDQBiG\nH0sXpQ6ig4NDxi5KVeiiLlUIOkms0OqUpmkV2houKdXZ1T+im7OjCJ27CILgJP4N4uAa37RDAqW+\nx3f33Mt3P747yK0j5UvQ7UXGsStWrX5hkZHrhQHztQC/H0kP75v/5M3TYtMPPY3fisjocG3ZFK+1\np3ybcGPKDwmbqnMoHoqL7Qw3MjyIgkg8TvK9wCT8Kd7vdvpeem8Kfu/8TGNNsUGIg00FiyoGl56c\nFr7YYsA1EVeiI1FIQEcZd5qfsqve1qxLXzkzSt/z/gsORnEcv6TeyQieyrD0nHrFPVgpwPg1cI07\nsfKKXKsFP4+wXIfVN625nD0j/Ys5tVqTWm1u1NqqwpdzrFo9tkQ7lNim/AfUy02wCLYnZAAAAARz\nQklUCAgICHwIZIgAACAASURBVHic7N15fFTV4f//dxIIkISEBBJIWANoQWSHaEFlEVAkdfmoIAoC\ntlgs4Ket1G+Rj1LU1qXtp/iRVqzKUgUEQWWJIAJhEyEsZQsEKCQssiQQSMhkz8zvj/xyHxkyk4XM\nJBx4PR8PHyZzzz33hMyS875n8cnOznYIAAAAAADAYL613QAAAAAAAIDqIuAAAAAAAADGI+AAAAAA\nAADGI+AAAAAAAADGI+AAAAAAAADGI+AAAAAAAADGI+AAAAAAAADGI+AAAAAAAADGI+AAAAAAAADG\nI+AAAAAAAADGI+AAAAAAAADGI+AAAAAAAADGI+AAAAAAAADGI+AAAAAAAADGI+AAAAAAAADGI+AA\nAAAAAADGI+AAAAAAAADGI+AAAAAAAADGI+AAAAAAAADGI+AAAAAAAADGI+AAAAAAAADGI+AAAAAA\nAADGI+AAAAAAAADGI+AAAAAAAADGI+AAAAAAAADGI+AAAAAAAADGI+AAAAAAAADGI+AAAAAAAADG\nq1PbDQ...
[35m[HTTP][39m [37m<-- GET /wd/hub/session/385c0c54-793f-408d-a232-4e82e440b1b4/screenshot [39m[32m200[39m [90m548 ms - 226508[39m
[35m[HTTP][39m [90m[39m
[35m[HTTP][39m [37m-->[39m [37mGET[39m [37m/wd/hub/session/385c0c54-793f-408d-a232-4e82e440b1b4/window/rect[39m
[35m[HTTP][39m [90m{}[39m
[debug] [35m[W3C (385c0c54)][39m Calling AppiumDriver.getWindowRect() with args: ["385c0c54-793f-408d-a232-4e82e440b1b4"]
[debug] [35m[WD Proxy][39m Matched '/window/current/size' to command name 'getWindowSize'
[debug] [35m[WD Proxy][39m Proxying [GET /window/current/size] to [GET http://127.0.0.1:8206/wd/hub/session/70202bce-b1e1-4c73-8dab-3f0c62845602/window/current/size] with no body
[debug] [35m[WD Proxy][39m Got response with status 200: {"sessionId":"70202bce-b1e1-4c73-8dab-3f0c62845602","value":{"height":2286,"width":1080}}
[debug] [35m[W3C (385c0c54)][39m Responding to client with driver.getWindowRect() result: {"width":1080,"height":2286,"x":0,"y":0}
[35m[HTTP][39m [37m<-- GET /wd/hub/session/385c0c54-793f-408d-a232-4e82e440b1b4/window/rect [39m[32m200[39m [90m23 ms - 50[39m
[35m[HTTP][39m [90m[39m
[35m[HTTP][39m [37m-->[39m [37mGET[39m [37m/wd/hub/session/385c0c54-793f-408d-a232-4e82e440b1b4/appium/device/system_bars[39m
[35m[HTTP][39m [90m{}[39m
[debug] [35m[W3C (385c0c54)][39m Calling AppiumDriver.getSystemBars() with args: ["385c0c54-793f-408d-a232-4e82e440b1b4"]
[debug] [35m[ADB][39m Running 'C:\Users\venkata.suru\.katalon\tools\android_sdk\platform-tools\adb.exe -P 5037 -s R5CRB28V0YK shell dumpsys window windows'
[debug] [35m[W3C (385c0c54)][39m Responding to client with driver.getSystemBars() result: {"statusBar":{"visible":true,"x":0,"y":0,"width":null,"height":1},"navigationBar":{"visible":true,"x":0,"y":0,"width":null,"height":1}}
[35m[HTTP][39m [37m<-- GET /wd/hub/session/385c0c54-793f-408d-a232-4e82e440b1b4/appium/device/system_bars [39m[32m200[39m [90m472 ms - 145[39m
[35m[HTTP][39m [90m[39m
[35m[HTTP][39m [37m-->[39m [37mPOST[39m [37m/wd/hub/session/385c0c54-793f-408d-a232-4e82e440b1b4/appium/device/activate_app[39m
[35m[HTTP][39m [90m{"bundleId":"com.wdiodemoapp"}[39m
[debug] [35m[W3C (385c0c54)][39m Calling AppiumDriver.activateApp() with args: ["com.wdiodemoapp",null,null,null,"385c0c54-793f-408d-a232-4e82e440b1b4"]
[debug] [35m[AndroidDriver][39m Activating 'com.wdiodemoapp' with 'adb shell monkey -p com.wdiodemoapp -c android.intent.category.LAUNCHER 1' command
[debug] [35m[ADB][39m Running 'C:\Users\venkata.suru\.katalon\tools\android_sdk\platform-tools\adb.exe -P 5037 -s R5CRB28V0YK shell monkey -p com.wdiodemoapp -c android.intent.category.LAUNCHER 1'
[debug] [35m[AndroidDriver][39m Command stdout: bash arg: -p
[debug] [35m[AndroidDriver][39m   bash arg: com.wdiodemoapp
[debug] [35m[AndroidDriver][39m   bash arg: -c
[debug] [35m[AndroidDriver][39m   bash arg: android.intent.category.LAUNCHER
[debug] [35m[AndroidDriver][39m   bash arg: 1
[debug] [35m[AndroidDriver][39m Events injected: 1
[debug] [35m[AndroidDriver][39m ## Network stats: elapsed time=43ms (0ms mobile, 0ms wifi, 43ms not connected)
[debug] [35m[W3C (385c0c54)][39m Responding to client with driver.activateApp() result: null
[35m[HTTP][39m [37m<-- POST /wd/hub/session/385c0c54-793f-408d-a232-4e82e440b1b4/appium/device/activate_app [39m[32m200[39m [90m817 ms - 14[39m
[35m[HTTP][39m [90m[39m
[35m[HTTP][39m [37m-->[39m [37mGET[39m [37m/wd/hub/session/385c0c54-793f-408d-a232-4e82e440b1b4/source[39m
[35m[HTTP][39m [90m{}[39m
[35m[W3C (385c0c54)][39m Driver proxy active, passing request on via HTTP proxy
[debug] [35m[WD Proxy][39m Matched '/wd/hub/session/385c0c54-793f-408d-a232-4e82e440b1b4/source' to command name 'getPageSource'
[debug] [35m[WD Proxy][39m Proxying [GET /wd/hub/session/385c0c54-793f-408d-a232-4e82e440b1b4/source] to [GET http://127.0.0.1:8206/wd/hub/session/70202bce-b1e1-4c73-8dab-3f0c62845602/source] with no body
[debug] [35m[WD Proxy][39m Got response with status 200: {"sessionId":"70202bce-b1e1-4c73-8dab-3f0c62845602","value":"<?xml version='1.0' encoding='UTF-8' standalone='yes' ?>\r\n<hierarchy index=\"0\" class=\"hierarchy\" rotation=\"0\" width=\"1080\" height=\"2286\">\r\n  <android.widget.FrameLayout index=\"0\" package=\"com.wdiodemoapp\" class=\"android.widget.FrameLayout\" text=\"\" checkable=\"false\" checked=\"false\" clickable=\"false\" enabled=\"true\" focusable=\"false\" focused=\"false\" long-clickable=\"false\" password=\"false\" scrollable=\"false\" selected=\"false\" bounds=\"[0,0][1080,2286]\" displayed=\"true\">\r\n    <android.widget.LinearLayout index=\"0\" package=\"com.wdiodemoapp\" class=\"android.widget.LinearLayout\" text=\"\" checkable=\"false\" checked=\"false\" clickable=\"false\" enabled=\"true\" focusable=\"false\" focused=\"false\" long-clickable=\"false\" password=\"false\" scrollable=\"false\" selected=\"false\" bounds=\"[0,0][1080,2286]\" displayed=\"true\">\r\n      <android.widget.FrameLayout index=\"0\" package=\"com.wdiodemoapp\"...
[35m[WD Proxy][39m Replacing sessionId 70202bce-b1e1-4c73-8dab-3f0c62845602 with 385c0c54-793f-408d-a232-4e82e440b1b4
[35m[HTTP][39m [37m<-- GET /wd/hub/session/385c0c54-793f-408d-a232-4e82e440b1b4/source [39m[32m200[39m [90m810 ms - 15595[39m
[35m[HTTP][39m [90m[39m
[35m[HTTP][39m [37m-->[39m [37mGET[39m [37m/wd/hub/session/385c0c54-793f-408d-a232-4e82e440b1b4/screenshot[39m
[35m[HTTP][39m [90m{}[39m
[debug] [35m[W3C (385c0c54)][39m Calling AppiumDriver.getScreenshot() with args: ["385c0c54-793f-408d-a232-4e82e440b1b4"]
[debug] [35m[WD Proxy][39m Matched '/screenshot' to command name 'getScreenshot'
[debug] [35m[WD Proxy][39m Proxying [GET /screenshot] to [GET http://127.0.0.1:8206/wd/hub/session/70202bce-b1e1-4c73-8dab-3f0c62845602/screenshot] with no body
[debug] [35m[WD Proxy][39m Got response with status 200: {"sessionId":"70202bce-b1e1-4c73-8dab-3f0c62845602","value":"iVBORw0KGgoAAAANSUhEUgAABDgAAAlgCAYAAABtGofVAAABJGlDQ1BTa2lhAAAokX2Rv0vDQBiG\nH0sXpQ6ig4NDxi5KVeiiLlUIOkms0OqUpmkV2houKdXZ1T+im7OjCJ27CILgJP4N4uAa37RDAqW+\nx3f33Mt3P747yK0j5UvQ7UXGsStWrX5hkZHrhQHztQC/H0kP75v/5M3TYtMPPY3fisjocG3ZFK+1\np3ybcGPKDwmbqnMoHoqL7Qw3MjyIgkg8TvK9wCT8Kd7vdvpeem8Kfu/8TGNNsUGIg00FiyoGl56c\nFr7YYsA1EVeiI1FIQEcZd5qfsqve1qxLXzkzSt/z/gsORnEcv6TeyQieyrD0nHrFPVgpwPg1cI07\nsfKKXKsFP4+wXIfVN625nD0j/Ys5tVqTWm1u1NqqwpdzrFo9tkQ7lNim/AfUy02wCLYnZAAAAARz\nQklUCAgICHwIZIgAACAASURBVHic7N15fFTV/f/x952ZrCwJS9iJiChFCeDSooIWtZWCfoOCLLFI\ntbJvioCIICDVWFDgKxK/iFq3UtwBSxGXWkWF2v4sKrQiSICwhSVANrLMcn9/jLnNkIQkJEM4+Ho+\nHvfxmOXOuWfCzDD3Ped8jiXJFgAAAAAAgMFcdd0BAAAAAACAmiLgAAAAAAAAxiPgAAAAAAAAxiPg\nAAAAAAAAxiPgAAAAAAAAxiPgAAAAAAAAxiPgAAAAAAAAxiPgAAAAAAAAxiPgAAAAAAAAxiPgAAAA\nAAAAxiPgAAAAAAAAxiPgAAAAAAAAxiPgAAAAAAAAxiPgAAAAAAAAxiPgAAAAAAAAxiPgAAAAAAAA\nxiPgAAAAAAAAxiPgAAAAAAAAxiPgAAAAAAAAxiPgAAAAAAAAxiPgAAAAAAAAxiPgAAAAAAAAxiPg\nAAAAAAAAxiPgAAAAAAAAxiPg...
[debug] [35m[W3C (385c0c54)][39m Responding to client with driver.getScreenshot() result: "iVBORw0KGgoAAAANSUhEUgAABDgAAAlgCAYAAABtGofVAAABJGlDQ1BTa2lhAAAokX2Rv0vDQBiG\nH0sXpQ6ig4NDxi5KVeiiLlUIOkms0OqUpmkV2houKdXZ1T+im7OjCJ27CILgJP4N4uAa37RDAqW+\nx3f33Mt3P747yK0j5UvQ7UXGsStWrX5hkZHrhQHztQC/H0kP75v/5M3TYtMPPY3fisjocG3ZFK+1\np3ybcGPKDwmbqnMoHoqL7Qw3MjyIgkg8TvK9wCT8Kd7vdvpeem8Kfu/8TGNNsUGIg00FiyoGl56c\nFr7YYsA1EVeiI1FIQEcZd5qfsqve1qxLXzkzSt/z/gsORnEcv6TeyQieyrD0nHrFPVgpwPg1cI07\nsfKKXKsFP4+wXIfVN625nD0j/Ys5tVqTWm1u1NqqwpdzrFo9tkQ7lNim/AfUy02wCLYnZAAAAARz\nQklUCAgICHwIZIgAACAASURBVHic7N15fFTV/f/x952ZrCwJS9iJiChFCeDSooIWtZWCfoOCLLFI\ntbJvioCIICDVWFDgKxK/iFq3UtwBSxGXWkWF2v4sKrQiSICwhSVANrLMcn9/jLnNkIQkJEM4+Ho+\nHvfxmOXOuWfCzDD3Ped8jiXJFgAAAAAAgMFcdd0BAAAAAACAmiLgAAAAAAAAxiPgAAAAAAAAxiPg\nAAAAAAAAxiPgAAAAAAAAxiPgAAAAAAAAxiPgAAAAAAAAxiPgAAAAAAAAxiPgAAAAAAAAxiPgAAAA\nAAAAxiPgAAAAAAAAxiPgAAAAAAAAxiPgAAAAAAAAxiPgAAAAAAAAxiPgAAAAAAAAxiPgAAAAAAAA\nxiPgAAAAAAAAxiPgAAAAAAAAxiPgAAAAAAAAxiPgAAAAAAAAxiPgAAAAAAAAxiPgAAAAAAAAxiPg\nAAAAAAAAxiPgAAAAAAAAxiPgAAAAAAAAxiPgAAAAAAAAxiPgAAAAAAAAxiPgAAAAAAAAxvPUdQcA\nAAAAAI...
[35m[HTTP][39m [37m<-- GET /wd/hub/session/385c0c54-793f-408d-a232-4e82e440b1b4/screenshot [39m[32m200[39m [90m307 ms - 212880[39m
[35m[HTTP][39m [90m[39m
[35m[HTTP][39m [37m-->[39m [37mGET[39m [37m/wd/hub/session/385c0c54-793f-408d-a232-4e82e440b1b4/source[39m
[35m[HTTP][39m [90m{}[39m
[35m[W3C (385c0c54)][39m Driver proxy active, passing request on via HTTP proxy
[debug] [35m[WD Proxy][39m Matched '/wd/hub/session/385c0c54-793f-408d-a232-4e82e440b1b4/source' to command name 'getPageSource'
[debug] [35m[WD Proxy][39m Proxying [GET /wd/hub/session/385c0c54-793f-408d-a232-4e82e440b1b4/source] to [GET http://127.0.0.1:8206/wd/hub/session/70202bce-b1e1-4c73-8dab-3f0c62845602/source] with no body
[debug] [35m[WD Proxy][39m Got response with status 200: {"sessionId":"70202bce-b1e1-4c73-8dab-3f0c62845602","value":"<?xml version='1.0' encoding='UTF-8' standalone='yes' ?>\r\n<hierarchy index=\"0\" class=\"hierarchy\" rotation=\"0\" width=\"1080\" height=\"2286\">\r\n  <android.widget.FrameLayout index=\"0\" package=\"com.wdiodemoapp\" class=\"android.widget.FrameLayout\" text=\"\" checkable=\"false\" checked=\"false\" clickable=\"false\" enabled=\"true\" focusable=\"false\" focused=\"false\" long-clickable=\"false\" password=\"false\" scrollable=\"false\" selected=\"false\" bounds=\"[0,0][1080,2286]\" displayed=\"true\">\r\n    <android.widget.LinearLayout index=\"0\" package=\"com.wdiodemoapp\" class=\"android.widget.LinearLayout\" text=\"\" checkable=\"false\" checked=\"false\" clickable=\"false\" enabled=\"true\" focusable=\"false\" focused=\"false\" long-clickable=\"false\" password=\"false\" scrollable=\"false\" selected=\"false\" bounds=\"[0,0][1080,2286]\" displayed=\"true\">\r\n      <android.widget.FrameLayout index=\"0\" package=\"com.wdiodemoapp\"...
[35m[WD Proxy][39m Replacing sessionId 70202bce-b1e1-4c73-8dab-3f0c62845602 with 385c0c54-793f-408d-a232-4e82e440b1b4
[35m[HTTP][39m [37m<-- GET /wd/hub/session/385c0c54-793f-408d-a232-4e82e440b1b4/source [39m[32m200[39m [90m126 ms - 22835[39m
[35m[HTTP][39m [90m[39m
[35m[HTTP][39m [37m-->[39m [37mGET[39m [37m/wd/hub/session/385c0c54-793f-408d-a232-4e82e440b1b4/screenshot[39m
[35m[HTTP][39m [90m{}[39m
[debug] [35m[W3C (385c0c54)][39m Calling AppiumDriver.getScreenshot() with args: ["385c0c54-793f-408d-a232-4e82e440b1b4"]
[debug] [35m[WD Proxy][39m Matched '/screenshot' to command name 'getScreenshot'
[debug] [35m[WD Proxy][39m Proxying [GET /screenshot] to [GET http://127.0.0.1:8206/wd/hub/session/70202bce-b1e1-4c73-8dab-3f0c62845602/screenshot] with no body
[debug] [35m[WD Proxy][39m Got response with status 200: {"sessionId":"70202bce-b1e1-4c73-8dab-3f0c62845602","value":"iVBORw0KGgoAAAANSUhEUgAABDgAAAlgCAYAAABtGofVAAABJGlDQ1BTa2lhAAAokX2Rv0vDQBiG\nH0sXpQ6ig4NDxi5KVeiiLlUIOkms0OqUpmkV2houKdXZ1T+im7OjCJ27CILgJP4N4uAa37RDAqW+\nx3f33Mt3P747yK0j5UvQ7UXGsStWrX5hkZHrhQHztQC/H0kP75v/5M3TYtMPPY3fisjocG3ZFK+1\np3ybcGPKDwmbqnMoHoqL7Qw3MjyIgkg8TvK9wCT8Kd7vdvpeem8Kfu/8TGNNsUGIg00FiyoGl56c\nFr7YYsA1EVeiI1FIQEcZd5qfsqve1qxLXzkzSt/z/gsORnEcv6TeyQieyrD0nHrFPVgpwPg1cI07\nsfKKXKsFP4+wXIfVN625nD0j/Ys5tVqTWm1u1NqqwpdzrFo9tkQ7lNim/AfUy02wCLYnZAAAAARz\nQklUCAgICHwIZIgAACAASURBVHic7N1ndFRV4/79K40OgdBLIqKCCKHJjw5SFASUKiUKCNITQGkC\nhi5EQ71F8KaqgEgRaSJSlaIgIh1vaoKGXgIkhBKSMP8XeTJPhswkk2QmyZHvZ61Za2bOPvvsTE4m\ns6/ZZ28XSSYBAAAAAAAYmGtmNwAAAAAAACC9CDgAAAAAAIDhEXAAAAAAAADDI+AAAAAAAACGR8AB\nAAAAAAAMj4ADAAAAAAAYHgEHAAAAAAAwPAIOAAAAAABgeAQcAAAAAADA8Ag4AAAAAACA4RFwAAAA\nAAAAwyPgAAAAAAAAhkfAAQAAAAAADI+AAwAAAAAAGB4BBwAAAAAAMDwCDgAAAAAAYHgEHAAAAAAA\nwPAIOAAAAAAAgOERcAAAAAAAAMMj4AAAAAAAAIZHwAEAAAAAAAyPgAMAAAAAABgeAQcAAAAAADA8\nAg4AAAAAAGB4BBwAAAAAAMDw...
[debug] [35m[W3C (385c0c54)][39m Responding to client with driver.getScreenshot() result: "iVBORw0KGgoAAAANSUhEUgAABDgAAAlgCAYAAABtGofVAAABJGlDQ1BTa2lhAAAokX2Rv0vDQBiG\nH0sXpQ6ig4NDxi5KVeiiLlUIOkms0OqUpmkV2houKdXZ1T+im7OjCJ27CILgJP4N4uAa37RDAqW+\nx3f33Mt3P747yK0j5UvQ7UXGsStWrX5hkZHrhQHztQC/H0kP75v/5M3TYtMPPY3fisjocG3ZFK+1\np3ybcGPKDwmbqnMoHoqL7Qw3MjyIgkg8TvK9wCT8Kd7vdvpeem8Kfu/8TGNNsUGIg00FiyoGl56c\nFr7YYsA1EVeiI1FIQEcZd5qfsqve1qxLXzkzSt/z/gsORnEcv6TeyQieyrD0nHrFPVgpwPg1cI07\nsfKKXKsFP4+wXIfVN625nD0j/Ys5tVqTWm1u1NqqwpdzrFo9tkQ7lNim/AfUy02wCLYnZAAAAARz\nQklUCAgICHwIZIgAACAASURBVHic7N1ndFRV4/79K40OgdBLIqKCCKHJjw5SFASUKiUKCNITQGkC\nhi5EQ71F8KaqgEgRaSJSlaIgIh1vaoKGXgIkhBKSMP8XeTJPhswkk2QmyZHvZ61Za2bOPvvsTE4m\ns6/ZZ28XSSYBAAAAAAAYmGtmNwAAAAAAACC9CDgAAAAAAIDhEXAAAAAAAADDI+AAAAAAAACGR8AB\nAAAAAAAMj4ADAAAAAAAYHgEHAAAAAAAwPAIOAAAAAABgeAQcAAAAAADA8Ag4AAAAAACA4RFwAAAA\nAAAAwyPgAAAAAAAAhkfAAQAAAAAADI+AAwAAAAAAGB4BBwAAAAAAMDwCDgAAAAAAYHgEHAAAAAAA\nwPAIOAAAAAAAgOERcAAAAAAAAMMj4AAAAAAAAIZHwAEAAAAAAAyPgAMAAAAAABgeAQcAAAAAADA8\nAg4AAAAAAGB4BBwAAAAAAMDwCDgAAAAAAIDhEXAAAAAAAADDI+AAAAAAAACG557ZDQAAAAAAAJKP\nj4+aN2...
[35m[HTTP][39m [37m<-- GET /wd/hub/session/385c0c54-793f-408d-a232-4e82e440b1b4/screenshot [39m[32m200[39m [90m308 ms - 135348[39m
[35m[HTTP][39m [90m[39m
[35m[HTTP][39m [37m-->[39m [37mPOST[39m [37m/wd/hub/session/385c0c54-793f-408d-a232-4e82e440b1b4/elements[39m
[35m[HTTP][39m [90m{"using":"xpath","value":"//*[@class = 'android.widget.TextView' and (@text = 'Click to turn the switch OFF' or . = 'Click to turn the switch OFF')]"}[39m
[debug] [35m[W3C (385c0c54)][39m Calling AppiumDriver.findElements() with args: ["xpath","//*[@class = 'android.widget.TextView' and (@text = 'Click to turn the switch OFF' or . = 'Click to turn the switch OFF')]","385c0c54-793f-408d-a232-4e82e440b1b4"]
[debug] [35m[BaseDriver][39m Valid locator strategies for this request: xpath, id, class name, accessibility id, css selector, -android uiautomator
[debug] [35m[BaseDriver][39m Waiting up to 60000 ms for condition
[debug] [35m[WD Proxy][39m Matched '/elements' to command name 'findElements'
[debug] [35m[WD Proxy][39m Proxying [POST /elements] to [POST http://127.0.0.1:8206/wd/hub/session/70202bce-b1e1-4c73-8dab-3f0c62845602/elements] with body: {"strategy":"xpath","selector":"//*[@class = 'android.widget.TextView' and (@text = 'Click to turn the switch OFF' or . = 'Click to turn the switch OFF')]","context":"","multiple":true}
[debug] [35m[WD Proxy][39m Got response with status 200: {"sessionId":"70202bce-b1e1-4c73-8dab-3f0c62845602","value":[{"ELEMENT":"00000000-0000-04af-ffff-ffff00000041","element-6066-11e4-a52e-4f735466cecf":"00000000-0000-04af-ffff-ffff00000041"}]}
[debug] [35m[W3C (385c0c54)][39m Responding to client with driver.findElements() result: [{"element-6066-11e4-a52e-4f735466cecf":"00000000-0000-04af-ffff-ffff00000041","ELEMENT":"00000000-0000-04af-ffff-ffff00000041"}]
[35m[HTTP][39m [37m<-- POST /wd/hub/session/385c0c54-793f-408d-a232-4e82e440b1b4/elements [39m[32m200[39m [90m196 ms - 139[39m
[35m[HTTP][39m [90m[39m
[35m[HTTP][39m [37m-->[39m [37mDELETE[39m [37m/wd/hub/session/385c0c54-793f-408d-a232-4e82e440b1b4[39m
[35m[HTTP][39m [90m{}[39m
[debug] [35m[W3C (385c0c54)][39m Calling AppiumDriver.deleteSession() with args: ["385c0c54-793f-408d-a232-4e82e440b1b4"]
[debug] [35m[BaseDriver][39m Event 'quitSessionRequested' logged at 1692792713807 (13:11:53 GMT+0100 (British Summer Time))
[35m[Appium][39m Removing session 385c0c54-793f-408d-a232-4e82e440b1b4 from our master session list
[debug] [35m[UiAutomator2][39m Deleting UiAutomator2 session
[debug] [35m[UiAutomator2][39m Deleting UiAutomator2 server session
[debug] [35m[WD Proxy][39m Matched '/' to command name 'deleteSession'
[debug] [35m[WD Proxy][39m Proxying [DELETE /] to [DELETE http://127.0.0.1:8206/wd/hub/session/70202bce-b1e1-4c73-8dab-3f0c62845602] with no body
[debug] [35m[WD Proxy][39m Got response with status 200: {"sessionId":"70202bce-b1e1-4c73-8dab-3f0c62845602","value":null}
[debug] [35m[ADB][39m Running 'C:\Users\venkata.suru\.katalon\tools\android_sdk\platform-tools\adb.exe -P 5037 -s R5CRB28V0YK shell am force-stop com.android.settings'
[debug] [35m[Logcat][39m Stopping logcat capture
[debug] [35m[ADB][39m Removing forwarded port socket connection: 8206 
[debug] [35m[ADB][39m Running 'C:\Users\venkata.suru\.katalon\tools\android_sdk\platform-tools\adb.exe -P 5037 -s R5CRB28V0YK forward --remove tcp:8206'
[debug] [35m[Instrumentation][39m .
[debug] [35m[Instrumentation][39m Time: 228.221
[debug] [35m[Instrumentation][39m 
[debug] [35m[Instrumentation][39m OK (1 test)
[35m[UiAutomator2][39m Restoring hidden api policy to the device default configuration
[debug] [35m[ADB][39m Running 'C:\Users\venkata.suru\.katalon\tools\android_sdk\platform-tools\adb.exe -P 5037 -s R5CRB28V0YK shell 'settings delete global hidden_api_policy_pre_p_apps;settings delete global hidden_api_policy_p_apps;settings delete global hidden_api_policy''
[debug] [35m[Instrumentation][39m The process has exited with code 0
[debug] [35m[BaseDriver][39m Event 'quitSessionFinished' logged at 1692792715103 (13:11:55 GMT+0100 (British Summer Time))
[debug] [35m[W3C (385c0c54)][39m Received response: null
[debug] [35m[W3C (385c0c54)][39m But deleting session, so not returning
[debug] [35m[W3C (385c0c54)][39m Responding to client with driver.deleteSession() result: null
[35m[HTTP][39m [37m<-- DELETE /wd/hub/session/385c0c54-793f-408d-a232-4e82e440b1b4 [39m[32m200[39m [90m1298 ms - 14[39m
[35m[HTTP][39m [90m[39m
